<?xml version="1.0" encoding="UTF-8"?>
<!-- Generated by org.testng.reporters.JUnitReportReporter -->
<testsuite name="com.myntra.testScripts.TC_02_EditProfile" tests="1" time="20.669" ignored="0" failures="0" timestamp="06 Apr 2020 06:01:40 GMT" skipped="0" hostname="DESKTOP-OQ0JEGT" errors="0">
  <testcase name="editProfile" time="20.669" classname="com.myntra.testScripts.TC_02_EditProfile"/>
</testsuite> <!-- com.myntra.testScripts.TC_02_EditProfile -->
