<?xml version="1.0" encoding="UTF-8"?>
<!-- Generated by org.testng.reporters.JUnitReportReporter -->
<testsuite name="com.myntra.testScripts.TC_Login_to_Myntra" tests="1" time="0.005" ignored="0" failures="0" timestamp="06 Apr 2020 17:12:53 GMT" skipped="1" hostname="DESKTOP-OQ0JEGT" errors="0">
  <testcase name="logIn" time="0.005" classname="com.myntra.testScripts.TC_Login_to_Myntra">
    <skipped/>
  </testcase> <!-- logIn -->
</testsuite> <!-- com.myntra.testScripts.TC_Login_to_Myntra -->
