<?xml version="1.0" encoding="UTF-8"?>
<!-- Generated by org.testng.reporters.JUnitReportReporter -->
<testsuite name="com.myntra.testScripts.TC_03_AddNewAddress" tests="1" time="0.005" ignored="0" failures="0" timestamp="06 Apr 2020 17:12:53 GMT" skipped="1" hostname="DESKTOP-OQ0JEGT" errors="0">
  <testcase name="newAddress" time="0.005" classname="com.myntra.testScripts.TC_03_AddNewAddress">
    <skipped/>
  </testcase> <!-- newAddress -->
</testsuite> <!-- com.myntra.testScripts.TC_03_AddNewAddress -->
