<?xml version="1.0" encoding="UTF-8"?>
<!-- Generated by org.testng.reporters.JUnitReportReporter -->
<testsuite name="com.myntra.testScripts.TC_Login_to_Myntra" tests="1" time="22.439" ignored="0" failures="0" timestamp="01 Apr 2020 09:13:45 GMT" skipped="0" hostname="DESKTOP-OQ0JEGT" errors="0">
  <testcase name="logIn" time="22.439" classname="com.myntra.testScripts.TC_Login_to_Myntra"/>
</testsuite> <!-- com.myntra.testScripts.TC_Login_to_Myntra -->
