<?xml version="1.0" encoding="UTF-8"?>
<!-- Generated by org.testng.reporters.JUnitReportReporter -->
<testsuite name="com.myntra.testScripts.TC_Login_to_Myntra" tests="1" time="10.986" ignored="0" failures="0" timestamp="07 Apr 2020 01:18:09 GMT" skipped="0" hostname="DESKTOP-OQ0JEGT" errors="0">
  <testcase name="logIn" time="10.986" classname="com.myntra.testScripts.TC_Login_to_Myntra"/>
</testsuite> <!-- com.myntra.testScripts.TC_Login_to_Myntra -->
