<?xml version="1.0" encoding="UTF-8"?>
<!-- Generated by org.testng.reporters.JUnitReportReporter -->
<testsuite name="com.myntra.testScripts.TC_05_Remove_Item_From_WishList" tests="1" time="13.964" ignored="0" failures="0" timestamp="07 Apr 2020 02:01:15 GMT" skipped="0" hostname="DESKTOP-OQ0JEGT" errors="0">
  <testcase name="removeItem" time="13.964" classname="com.myntra.testScripts.TC_05_Remove_Item_From_WishList"/>
</testsuite> <!-- com.myntra.testScripts.TC_05_Remove_Item_From_WishList -->
