<?xml version="1.0" encoding="UTF-8"?>
<!-- Generated by org.testng.reporters.JUnitReportReporter -->
<testsuite name="com.myntra.objectRepository.LoginPage" tests="1" time="0.016" ignored="0" failures="0" timestamp="01 Apr 2020 05:56:12 GMT" skipped="0" hostname="DESKTOP-OQ0JEGT" errors="0">
  <testcase name="login" time="0.016" classname="com.myntra.objectRepository.LoginPage"/>
</testsuite> <!-- com.myntra.objectRepository.LoginPage -->
