<?xml version="1.0" encoding="UTF-8"?>
<!-- Generated by org.testng.reporters.JUnitReportReporter -->
<testsuite name="com.myntra.testScripts.TC_04_Add_MensTshirt_to_Cart" tests="1" time="20.047" ignored="0" failures="0" timestamp="07 Apr 2020 01:37:32 GMT" skipped="0" hostname="DESKTOP-OQ0JEGT" errors="0">
  <testcase name="menTshirt" time="20.047" classname="com.myntra.testScripts.TC_04_Add_MensTshirt_to_Cart"/>
</testsuite> <!-- com.myntra.testScripts.TC_04_Add_MensTshirt_to_Cart -->
