<?xml version="1.0" encoding="UTF-8"?>
<!-- Generated by org.testng.reporters.JUnitReportReporter -->
<testsuite name="com.myntra.testScripts.TC_04_Add_MensTshirt_to_Cart" tests="1" time="0.000" ignored="0" failures="0" timestamp="06 Apr 2020 17:12:53 GMT" skipped="1" hostname="DESKTOP-OQ0JEGT" errors="0">
  <testcase name="menTshirt" time="0.000" classname="com.myntra.testScripts.TC_04_Add_MensTshirt_to_Cart">
    <skipped/>
  </testcase> <!-- menTshirt -->
</testsuite> <!-- com.myntra.testScripts.TC_04_Add_MensTshirt_to_Cart -->
